Number of epochs: 0
Files used for training:
Concen_10_35P.csv
Concen_11_40P.csv
Concen_12_45P.csv
Concen_13_50P.csv
Concen_14_55P.csv
Concen_16_65P.csv
Concen_17_70P.csv
Concen_19_80P.csv
Concen_1_0P.csv
Concen_20_85P.csv
Concen_21_90P.csv
Concen_22_95P.csv
Concen_27_100P.csv
Concen_2_5P.csv
Concen_3_0P.csv
Concen_4_5P.csv
Concen_5_10P.csv
Concen_6_15P.csv
Concen_7_20P.csv
Concen_8_25P.csv


All File Concentration Predictions:

File: AllData\Concen_15_60P.csv:
Predicted concentration: 59.999943%	Actual concentration: 60.0%	Difference: 5.7e-05%

File: AllData\Concen_2_5P.csv:
Predicted concentration: 4.999821%	Actual concentration: 5.0%	Difference: 0.000179%

File: AllData\Concen_23_10P.csv:
Predicted concentration: 9.998544%	Actual concentration: 10.0%	Difference: 0.001456%

File: AllData\Concen_16_65P.csv:
Predicted concentration: 65.002217%	Actual concentration: 65.0%	Difference: -0.002217%

File: AllData\Concen_24_15P.csv:
Predicted concentration: 14.997616%	Actual concentration: 15.0%	Difference: 0.002384%

File: AllData\Concen_12_45P.csv:
Predicted concentration: 44.997509%	Actual concentration: 45.0%	Difference: 0.002491%

File: AllData\Concen_17_70P.csv:
Predicted concentration: 70.002513%	Actual concentration: 70.0%	Difference: -0.002513%

File: AllData\Concen_9_30P.csv:
Predicted concentration: 29.995583%	Actual concentration: 30.0%	Difference: 0.004417%

File: AllData\Concen_25_20P.csv:
Predicted concentration: 20.004446%	Actual concentration: 20.0%	Difference: -0.004446%

File: AllData\Concen_14_55P.csv:
Predicted concentration: 55.004763%	Actual concentration: 55.0%	Difference: -0.004763%

File: AllData\Concen_7_20P.csv:
Predicted concentration: 20.004952%	Actual concentration: 20.0%	Difference: -0.004952%

File: AllData\Concen_3_0P.csv:
Predicted concentration: 0.004993%	Actual concentration: 0.0%	Difference: -0.004993%

File: AllData\Concen_1_0P.csv:
Predicted concentration: -0.005498%	Actual concentration: 0.0%	Difference: 0.005498%

File: AllData\Concen_5_10P.csv:
Predicted concentration: 10.005694%	Actual concentration: 10.0%	Difference: -0.005694%

File: AllData\Concen_20_85P.csv:
Predicted concentration: 84.994159%	Actual concentration: 85.0%	Difference: 0.005841%

File: AllData\Concen_13_50P.csv:
Predicted concentration: 50.006026%	Actual concentration: 50.0%	Difference: -0.006026%

File: AllData\Concen_26_25P.csv:
Predicted concentration: 25.007226%	Actual concentration: 25.0%	Difference: -0.007226%

File: AllData\Concen_6_15P.csv:
Predicted concentration: 15.008213%	Actual concentration: 15.0%	Difference: -0.008213%

File: AllData\Concen_8_25P.csv:
Predicted concentration: 25.008277%	Actual concentration: 25.0%	Difference: -0.008277%

File: AllData\Concen_27_100P.csv:
Predicted concentration: 99.991468%	Actual concentration: 100.0%	Difference: 0.008532%

File: AllData\Concen_4_5P.csv:
Predicted concentration: 4.98962%	Actual concentration: 5.0%	Difference: 0.01038%

File: AllData\Concen_11_40P.csv:
Predicted concentration: 40.01078%	Actual concentration: 40.0%	Difference: -0.01078%

File: AllData\Concen_18_75P.csv:
Predicted concentration: 74.989156%	Actual concentration: 75.0%	Difference: 0.010844%

File: AllData\Concen_19_80P.csv:
Predicted concentration: 79.98483%	Actual concentration: 80.0%	Difference: 0.01517%

File: AllData\Concen_10_35P.csv:
Predicted concentration: 34.983964%	Actual concentration: 35.0%	Difference: 0.016036%

File: AllData\Concen_22_95P.csv:
Predicted concentration: 95.017812%	Actual concentration: 95.0%	Difference: -0.017812%

File: AllData\Concen_21_90P.csv:
Predicted concentration: 89.975012%	Actual concentration: 90.0%	Difference: 0.024988%

File: AllData\Concen_41_50P.csv:
Predicted concentration: 78.768864%	Actual concentration: 50.0%	Difference: -28.768864%

File: AllData\Concen_39_50P.csv:
Predicted concentration: 111.74762%	Actual concentration: 50.0%	Difference: -61.74762%

File: AllData\Concen_40_50P.csv:
Predicted concentration: -91.908338%	Actual concentration: 50.0%	Difference: 141.908338%