Number of epochs: 10000000
Files used for training:
Concen_10_35P.csv
Concen_11_40P.csv
Concen_12_45P.csv
Concen_13_50P.csv
Concen_14_55P.csv
Concen_16_65P.csv
Concen_17_70P.csv
Concen_19_80P.csv
Concen_1_0P.csv
Concen_20_85P.csv
Concen_21_90P.csv
Concen_22_95P.csv
Concen_27_100P.csv
Concen_28_43P.csv
Concen_2_5P.csv
Concen_3_0P.csv
Concen_4_5P.csv
Concen_5_10P.csv
Concen_6_15P.csv
Concen_7_20P.csv
Concen_8_25P.csv


All File Concentration Predictions:

File: AllData\Concen_28_43P.csv:
Predicted concentration: 43.004955%	Actual concentration: 43.0%	Difference: -0.004955%

File: AllData\Concen_19_80P.csv:
Predicted concentration: 79.867461%	Actual concentration: 80.0%	Difference: 0.132539%

File: AllData\Concen_5_10P.csv:
Predicted concentration: 9.858929%	Actual concentration: 10.0%	Difference: 0.141071%

File: AllData\Concen_18_75P.csv:
Predicted concentration: 75.165308%	Actual concentration: 75.0%	Difference: -0.165308%

File: AllData\Concen_24_15P.csv:
Predicted concentration: 14.590636%	Actual concentration: 15.0%	Difference: 0.409364%

File: AllData\Concen_10_35P.csv:
Predicted concentration: 34.573854%	Actual concentration: 35.0%	Difference: 0.426146%

File: AllData\Concen_21_90P.csv:
Predicted concentration: 89.405901%	Actual concentration: 90.0%	Difference: 0.594099%

File: AllData\Concen_7_20P.csv:
Predicted concentration: 20.782966%	Actual concentration: 20.0%	Difference: -0.782966%

File: AllData\Concen_22_95P.csv:
Predicted concentration: 94.139419%	Actual concentration: 95.0%	Difference: 0.860581%

File: AllData\Concen_13_50P.csv:
Predicted concentration: 50.877807%	Actual concentration: 50.0%	Difference: -0.877807%

File: AllData\Concen_1_0P.csv:
Predicted concentration: -1.024311%	Actual concentration: 0.0%	Difference: 1.024311%

File: AllData\Concen_2_5P.csv:
Predicted concentration: 6.133421%	Actual concentration: 5.0%	Difference: -1.133421%

File: AllData\Concen_8_25P.csv:
Predicted concentration: 26.291346%	Actual concentration: 25.0%	Difference: -1.291346%

File: AllData\Concen_6_15P.csv:
Predicted concentration: 16.417008%	Actual concentration: 15.0%	Difference: -1.417008%

File: AllData\Concen_12_45P.csv:
Predicted concentration: 43.546077%	Actual concentration: 45.0%	Difference: 1.453923%

File: AllData\Concen_20_85P.csv:
Predicted concentration: 83.335249%	Actual concentration: 85.0%	Difference: 1.664751%

File: AllData\Concen_26_25P.csv:
Predicted concentration: 23.129139%	Actual concentration: 25.0%	Difference: 1.870861%

File: AllData\Concen_17_70P.csv:
Predicted concentration: 72.199143%	Actual concentration: 70.0%	Difference: -2.199143%

File: AllData\Concen_27_100P.csv:
Predicted concentration: 97.778504%	Actual concentration: 100.0%	Difference: 2.221496%

File: AllData\Concen_11_40P.csv:
Predicted concentration: 37.60093%	Actual concentration: 40.0%	Difference: 2.39907%

File: AllData\Concen_16_65P.csv:
Predicted concentration: 67.415906%	Actual concentration: 65.0%	Difference: -2.415906%

File: AllData\Concen_14_55P.csv:
Predicted concentration: 57.73222%	Actual concentration: 55.0%	Difference: -2.73222%

File: AllData\Concen_9_30P.csv:
Predicted concentration: 27.085667%	Actual concentration: 30.0%	Difference: 2.914333%

File: AllData\Concen_25_20P.csv:
Predicted concentration: 23.012723%	Actual concentration: 20.0%	Difference: -3.012723%

File: AllData\Concen_3_0P.csv:
Predicted concentration: 3.350106%	Actual concentration: 0.0%	Difference: -3.350106%

File: AllData\Concen_15_60P.csv:
Predicted concentration: 63.781606%	Actual concentration: 60.0%	Difference: -3.781606%

File: AllData\Concen_4_5P.csv:
Predicted concentration: -0.286865%	Actual concentration: 5.0%	Difference: 5.286865%

File: AllData\Concen_23_10P.csv:
Predicted concentration: 3.940622%	Actual concentration: 10.0%	Difference: 6.059378%