Number of epochs: 10000000
Files used for training:
Concen_10_35P.csv
Concen_11_40P.csv
Concen_12_45P.csv
Concen_13_50P.csv
Concen_14_55P.csv
Concen_15_60P.csv
Concen_16_65P.csv
Concen_17_70P.csv
Concen_18_75P.csv
Concen_19_80P.csv
Concen_1_0P.csv
Concen_20_85P.csv
Concen_21_90P.csv
Concen_22_95P.csv
Concen_27_100P.csv
Concen_2_5P.csv
Concen_3_0P.csv


All File Concentration Predictions:

File: AllData\Concen_19_80P.csv:
Predicted concentration: 80.102916%	Actual concentration: 80.0%	Difference: -0.102916%

File: AllData\Concen_21_90P.csv:
Predicted concentration: 90.27413%	Actual concentration: 90.0%	Difference: -0.27413%

File: AllData\Concen_18_75P.csv:
Predicted concentration: 74.560876%	Actual concentration: 75.0%	Difference: 0.439124%

File: AllData\Concen_22_95P.csv:
Predicted concentration: 94.548261%	Actual concentration: 95.0%	Difference: 0.451739%

File: AllData\Concen_12_45P.csv:
Predicted concentration: 44.442133%	Actual concentration: 45.0%	Difference: 0.557867%

File: AllData\Concen_14_55P.csv:
Predicted concentration: 55.610705%	Actual concentration: 55.0%	Difference: -0.610705%

File: AllData\Concen_3_0P.csv:
Predicted concentration: -0.620434%	Actual concentration: 0.0%	Difference: 0.620434%

File: AllData\Concen_2_5P.csv:
Predicted concentration: 5.863896%	Actual concentration: 5.0%	Difference: -0.863896%

File: AllData\Concen_1_0P.csv:
Predicted concentration: -0.873978%	Actual concentration: 0.0%	Difference: 0.873978%

File: AllData\Concen_15_60P.csv:
Predicted concentration: 60.877972%	Actual concentration: 60.0%	Difference: -0.877972%

File: AllData\Concen_13_50P.csv:
Predicted concentration: 49.092924%	Actual concentration: 50.0%	Difference: 0.907076%

File: AllData\Concen_27_100P.csv:
Predicted concentration: 99.008964%	Actual concentration: 100.0%	Difference: 0.991036%

File: AllData\Concen_16_65P.csv:
Predicted concentration: 66.108618%	Actual concentration: 65.0%	Difference: -1.108618%

File: AllData\Concen_9_30P.csv:
Predicted concentration: 31.165639%	Actual concentration: 30.0%	Difference: -1.165639%

File: AllData\Concen_20_85P.csv:
Predicted concentration: 83.74068%	Actual concentration: 85.0%	Difference: 1.25932%

File: AllData\Concen_11_40P.csv:
Predicted concentration: 38.684488%	Actual concentration: 40.0%	Difference: 1.315512%

File: AllData\Concen_17_70P.csv:
Predicted concentration: 71.610272%	Actual concentration: 70.0%	Difference: -1.610272%

File: AllData\Concen_5_10P.csv:
Predicted concentration: 8.386007%	Actual concentration: 10.0%	Difference: 1.613993%

File: AllData\Concen_10_35P.csv:
Predicted concentration: 36.967584%	Actual concentration: 35.0%	Difference: -1.967584%

File: AllData\Concen_8_25P.csv:
Predicted concentration: 31.323849%	Actual concentration: 25.0%	Difference: -6.323849%

File: AllData\Concen_25_20P.csv:
Predicted concentration: 13.552542%	Actual concentration: 20.0%	Difference: 6.447458%

File: AllData\Concen_24_15P.csv:
Predicted concentration: 7.6687%	Actual concentration: 15.0%	Difference: 7.3313%

File: AllData\Concen_7_20P.csv:
Predicted concentration: 27.395244%	Actual concentration: 20.0%	Difference: -7.395244%

File: AllData\Concen_6_15P.csv:
Predicted concentration: 23.650921%	Actual concentration: 15.0%	Difference: -8.650921%

File: AllData\Concen_26_25P.csv:
Predicted concentration: 13.111902%	Actual concentration: 25.0%	Difference: 11.888098%

File: AllData\Concen_23_10P.csv:
Predicted concentration: -3.344243%	Actual concentration: 10.0%	Difference: 13.344243%

File: AllData\Concen_4_5P.csv:
Predicted concentration: -9.960909%	Actual concentration: 5.0%	Difference: 14.960909%