Number of epochs: 10000000
Files used for training:
Concen_10_35P.csv
Concen_11_40P.csv
Concen_12_45P.csv
Concen_13_50P.csv
Concen_14_55P.csv
Concen_16_65P.csv
Concen_17_70P.csv
Concen_19_80P.csv
Concen_1_0P.csv
Concen_21_90P.csv
Concen_22_95P.csv
Concen_27_100P.csv
Concen_2_5P.csv
Concen_3_0P.csv
Concen_4_5P.csv
Concen_5_10P.csv
Concen_6_15P.csv
Concen_7_20P.csv
Concen_8_25P.csv


All File Concentration Predictions:

File: AllData\Concen_19_80P.csv:
Predicted concentration: 80.060535%	Actual concentration: 80.0%	Difference: -0.060535%

File: AllData\Concen_24_15P.csv:
Predicted concentration: 14.815946%	Actual concentration: 15.0%	Difference: 0.184054%

File: AllData\Concen_18_75P.csv:
Predicted concentration: 74.749882%	Actual concentration: 75.0%	Difference: 0.250118%

File: AllData\Concen_10_35P.csv:
Predicted concentration: 34.695207%	Actual concentration: 35.0%	Difference: 0.304793%

File: AllData\Concen_5_10P.csv:
Predicted concentration: 9.577889%	Actual concentration: 10.0%	Difference: 0.422111%

File: AllData\Concen_22_95P.csv:
Predicted concentration: 94.429108%	Actual concentration: 95.0%	Difference: 0.570892%

File: AllData\Concen_13_50P.csv:
Predicted concentration: 51.056549%	Actual concentration: 50.0%	Difference: -1.056549%

File: AllData\Concen_12_45P.csv:
Predicted concentration: 43.738856%	Actual concentration: 45.0%	Difference: 1.261144%

File: AllData\Concen_9_30P.csv:
Predicted concentration: 28.710613%	Actual concentration: 30.0%	Difference: 1.289387%

File: AllData\Concen_21_90P.csv:
Predicted concentration: 88.581927%	Actual concentration: 90.0%	Difference: 1.418073%

File: AllData\Concen_1_0P.csv:
Predicted concentration: -1.449429%	Actual concentration: 0.0%	Difference: 1.449429%

File: AllData\Concen_7_20P.csv:
Predicted concentration: 21.453399%	Actual concentration: 20.0%	Difference: -1.453399%

File: AllData\Concen_26_25P.csv:
Predicted concentration: 23.487021%	Actual concentration: 25.0%	Difference: 1.512979%

File: AllData\Concen_17_70P.csv:
Predicted concentration: 71.631151%	Actual concentration: 70.0%	Difference: -1.631151%

File: AllData\Concen_2_5P.csv:
Predicted concentration: 6.83751%	Actual concentration: 5.0%	Difference: -1.83751%

File: AllData\Concen_20_85P.csv:
Predicted concentration: 83.14934%	Actual concentration: 85.0%	Difference: 1.85066%

File: AllData\Concen_8_25P.csv:
Predicted concentration: 27.150894%	Actual concentration: 25.0%	Difference: -2.150894%

File: AllData\Concen_27_100P.csv:
Predicted concentration: 97.839735%	Actual concentration: 100.0%	Difference: 2.160265%

File: AllData\Concen_6_15P.csv:
Predicted concentration: 17.202277%	Actual concentration: 15.0%	Difference: -2.202277%

File: AllData\Concen_25_20P.csv:
Predicted concentration: 22.237237%	Actual concentration: 20.0%	Difference: -2.237237%

File: AllData\Concen_14_55P.csv:
Predicted concentration: 57.398067%	Actual concentration: 55.0%	Difference: -2.398067%

File: AllData\Concen_15_60P.csv:
Predicted concentration: 62.505915%	Actual concentration: 60.0%	Difference: -2.505915%

File: AllData\Concen_23_10P.csv:
Predicted concentration: 6.982236%	Actual concentration: 10.0%	Difference: 3.017764%

File: AllData\Concen_16_65P.csv:
Predicted concentration: 68.242055%	Actual concentration: 65.0%	Difference: -3.242055%

File: AllData\Concen_3_0P.csv:
Predicted concentration: 3.490407%	Actual concentration: 0.0%	Difference: -3.490407%

File: AllData\Concen_11_40P.csv:
Predicted concentration: 36.221459%	Actual concentration: 40.0%	Difference: 3.778541%

File: AllData\Concen_4_5P.csv:
Predicted concentration: 0.055551%	Actual concentration: 5.0%	Difference: 4.944449%